This is pdfTeX, Version 3.14159265-2.6-1.40.21 (TeX Live 2020/Debian) (preloaded format=pdflatex 2021.3.29)  11 JUL 2021 21:51
entering extended mode
 restricted \write18 enabled.
 file:line:error style messages enabled.
 %&-line parsing enabled.
**/home/alvaromr/Escritorio/university/3_physics/segundo_cuatrimestre/tex/prefacio.tex
(/home/alvaromr/Escritorio/university/3_physics/segundo_cuatrimestre/tex/prefacio.tex
LaTeX2e <2020-10-01> patch level 4
L3 programming layer <2021-01-09> xparse <2020-03-03> (/usr/share/texlive/texmf-dist/tex/latex/subfiles/subfiles.cls
Document Class: subfiles 2020/11/14 v2.2 Multi-file projects (class)
Preamble taken from file `../cc.tex'
(/usr/share/texlive/texmf-dist/tex/latex/import/import.sty
Package: import 2020/04/01  v 6.2
)

! LaTeX Error: File `../cc.tex' not found.

Type X to quit or <RETURN> to proceed,
or enter new name. (Default extension: tex)

Enter file name: 
/usr/share/texlive/texmf-dist/tex/latex/subfiles/subfiles.cls:45: Emergency stop.
<read *> 
         
l.45 \input{\preamble@file}
                           ^^M
*** (cannot \read from terminal in nonstop modes)

 
Here is how much of TeX's memory you used:
 62 strings out of 479304
 1499 string characters out of 5869779
 272534 words of memory out of 5000000
 17341 multiletter control sequences out of 15000+600000
 403430 words of font info for 27 fonts, out of 8000000 for 9000
 1141 hyphenation exceptions out of 8191
 53i,0n,60p,234b,13s stack positions out of 5000i,500n,10000p,200000b,80000s
/usr/share/texlive/texmf-dist/tex/latex/subfiles/subfiles.cls:45:  ==> Fatal error occurred, no output PDF file produced!
