\BOOKMARK [0][-]{chapter.1}{Resumen \372til para el examen}{}% 1
\BOOKMARK [1][-]{section.1.1}{Espacio dual y producto escalar}{chapter.1}% 2
\BOOKMARK [1][-]{section.1.2}{Bases ortonormales}{chapter.1}% 3
\BOOKMARK [2][-]{subsection.1.2.1}{Discretas}{section.1.2}% 4
\BOOKMARK [2][-]{subsection.1.2.2}{Continuas}{section.1.2}% 5
\BOOKMARK [1][-]{section.1.3}{Operadores lineales}{chapter.1}% 6
\BOOKMARK [1][-]{section.1.4}{Conjugaci\363n Herm\355tica}{chapter.1}% 7
\BOOKMARK [1][-]{section.1.5}{Cambio de base}{chapter.1}% 8
\BOOKMARK [1][-]{section.1.6}{Operadores herm\355ticos y observables}{chapter.1}% 9
\BOOKMARK [1][-]{section.1.7}{Operadores unitarios}{chapter.1}% 10
\BOOKMARK [0][-]{chapter.2}{Enriquecimiento matem\341tico}{}% 11
\BOOKMARK [1][-]{section.2.1}{Motivaci\363n para el enriquecimiento matem\341tico \(esquema\)}{chapter.2}% 12
\BOOKMARK [1][-]{section.2.2}{Espacios de Bannach}{chapter.2}% 13
\BOOKMARK [2][-]{subsection.2.2.1}{Espacios vectoriales normados}{section.2.2}% 14
\BOOKMARK [2][-]{subsection.2.2.2}{Preliminares topol\363gicos}{section.2.2}% 15
\BOOKMARK [2][-]{subsection.2.2.3}{Sucesiones de Cauchy}{section.2.2}% 16
\BOOKMARK [2][-]{subsection.2.2.4}{Aplicaciones lineales en espacios de Bannach}{section.2.2}% 17
\BOOKMARK [1][-]{section.2.3}{A ver si al dividirse en dos l\355neas por ser muy largo esto sigue funcionando o se rompe}{chapter.2}% 18
\BOOKMARK [1][-]{section.2.4}{A ver si al dividirse en dos l\355neas por ser muy largo esto sigue funcionando o se rompe}{chapter.2}% 19
\BOOKMARK [1][-]{section.2.5}{A ver si al dividirse en dos l\355neas por ser muy largo esto sigue funcionando o se rompe}{chapter.2}% 20
\BOOKMARK [1][-]{section.2.6}{A ver si al dividirse en dos l\355neas por ser muy largo esto sigue funcionando o se rompe}{chapter.2}% 21
\BOOKMARK [1][-]{section.2.7}{A ver si al dividirse en dos l\355neas por ser muy largo esto sigue funcionando o se rompe}{chapter.2}% 22
\BOOKMARK [1][-]{section.2.8}{A ver si al dividirse en dos l\355neas por ser muy largo esto sigue funcionando o se rompe}{chapter.2}% 23
\BOOKMARK [1][-]{section.2.9}{A ver si al dividirse en dos l\355neas por ser muy largo esto sigue funcionando o se rompe}{chapter.2}% 24
\BOOKMARK [1][-]{section.2.10}{A ver si al dividirse en dos l\355neas por ser muy largo esto sigue funcionando o se rompe}{chapter.2}% 25
\BOOKMARK [1][-]{section.2.11}{A ver si al dividirse en dos l\355neas por ser muy largo esto sigue funcionando o se rompe}{chapter.2}% 26
\BOOKMARK [1][-]{section.2.12}{A ver si al dividirse en dos l\355neas por ser muy largo esto sigue funcionando o se rompe}{chapter.2}% 27
\BOOKMARK [1][-]{section.2.13}{A ver si al dividirse en dos l\355neas por ser muy largo esto sigue funcionando o se rompe}{chapter.2}% 28
\BOOKMARK [1][-]{section.2.14}{A ver si al dividirse en dos l\355neas por ser muy largo esto sigue funcionando o se rompe}{chapter.2}% 29
\BOOKMARK [1][-]{section.2.15}{A ver si al dividirse en dos l\355neas por ser muy largo esto sigue funcionando o se rompe}{chapter.2}% 30
\BOOKMARK [1][-]{section.2.16}{A ver si al dividirse en dos l\355neas por ser muy largo esto sigue funcionando o se rompe}{chapter.2}% 31
\BOOKMARK [1][-]{section.2.17}{A ver si al dividirse en dos l\355neas por ser muy largo esto sigue funcionando o se rompe}{chapter.2}% 32
\BOOKMARK [1][-]{section.2.18}{A ver si al dividirse en dos l\355neas por ser muy largo esto sigue funcionando o se rompe}{chapter.2}% 33
\BOOKMARK [1][-]{section.2.19}{A ver si al dividirse en dos l\355neas por ser muy largo esto sigue funcionando o se rompe}{chapter.2}% 34
\BOOKMARK [1][-]{section.2.20}{A ver si al dividirse en dos l\355neas por ser muy largo esto sigue funcionando o se rompe}{chapter.2}% 35
\BOOKMARK [2][-]{subsection.2.20.1}{A ver si al dividirse en dos l\355neas por ser muy largo esto sigue funcionando o se rompe}{section.2.20}% 36
