This is pdfTeX, Version 3.14159265-2.6-1.40.21 (TeX Live 2020/Debian) (preloaded format=pdflatex 2021.3.29)  31 MAR 2021 22:46
entering extended mode
 restricted \write18 enabled.
 %&-line parsing enabled.
**Practica_EF.tex
(./Practica_EF.tex
LaTeX2e <2020-10-01> patch level 4
L3 programming layer <2021-01-09> xparse <2020-03-03>
(/usr/share/texlive/texmf-dist/tex/latex/base/article.cls
Document Class: article 2020/04/10 v1.4m Standard LaTeX document class
(/usr/share/texlive/texmf-dist/tex/latex/base/size11.clo
File: size11.clo 2020/04/10 v1.4m Standard LaTeX file (size option)
)
\c@part=\count177
\c@section=\count178
\c@subsection=\count179
\c@subsubsection=\count180
\c@paragraph=\count181
\c@subparagraph=\count182
\c@figure=\count183
\c@table=\count184
\abovecaptionskip=\skip47
\belowcaptionskip=\skip48
\bibindent=\dimen138
)
(/usr/share/texlive/texmf-dist/tex/latex/base/inputenc.sty
Package: inputenc 2020/08/01 v1.3d Input encoding file
\inpenc@prehook=\toks15
\inpenc@posthook=\toks16
)
(/usr/share/texlive/texmf-dist/tex/generic/babel/babel.sty
Package: babel 2021/01/26 3.53 The Babel package

(/usr/share/texlive/texmf-dist/tex/generic/babel/babel.def
File: babel.def 2021/01/26 3.53 Babel common definitions
\babel@savecnt=\count185
\U@D=\dimen139
\l@babelnohyphens=\language86

(/usr/share/texlive/texmf-dist/tex/generic/babel/txtbabel.def)
\bbl@readstream=\read2
)
\bbl@dirlevel=\count186

(/usr/share/texlive/texmf-dist/tex/generic/babel-spanish/spanish.ldf
Language: spanish.ldf 2016/03/03 v5.0p Spanish support from the babel system
\es@quottoks=\toks17
\es@quotdepth=\count187
Package babel Info: Making " an active character on input line 561.
Package babel Info: Making . an active character on input line 662.
Package babel Info: Making < an active character on input line 707.
Package babel Info: Making > an active character on input line 707.
))
(/usr/share/texlive/texmf-dist/tex/latex/float/float.sty
Package: float 2001/11/08 v1.3d Float enhancements (AL)
\c@float@type=\count188
\float@exts=\toks18
\float@box=\box47
\@float@everytoks=\toks19
\@floatcapt=\box48
)
(/usr/share/texlive/texmf-dist/tex/latex/eurosym/eurosym.sty
Package: eurosym 1998/08/06 v1.1 European currency symbol ``Euro''
\@eurobox=\box49
)
(/usr/share/texlive/texmf-dist/tex/latex/xcolor/xcolor.sty
Package: xcolor 2016/05/11 v2.12 LaTeX color extensions (UK)

(/usr/share/texlive/texmf-dist/tex/latex/graphics-cfg/color.cfg
File: color.cfg 2016/01/02 v1.6 sample color configuration
)
Package xcolor Info: Driver file: pdftex.def on input line 225.

(/usr/share/texlive/texmf-dist/tex/latex/graphics-def/pdftex.def
File: pdftex.def 2020/10/05 v1.2a Graphics/color driver for pdftex
)
Package xcolor Info: Model `cmy' substituted by `cmy0' on input line 1348.
Package xcolor Info: Model `hsb' substituted by `rgb' on input line 1352.
Package xcolor Info: Model `RGB' extended on input line 1364.
Package xcolor Info: Model `HTML' substituted by `rgb' on input line 1366.
Package xcolor Info: Model `Hsb' substituted by `hsb' on input line 1367.
Package xcolor Info: Model `tHsb' substituted by `hsb' on input line 1368.
Package xcolor Info: Model `HSB' substituted by `hsb' on input line 1369.
Package xcolor Info: Model `Gray' substituted by `gray' on input line 1370.
Package xcolor Info: Model `wave' substituted by `hsb' on input line 1371.
)
(/usr/share/texlive/texmf-dist/tex/latex/tools/verbatim.sty
Package: verbatim 2020-07-07 v1.5u LaTeX2e package for verbatim enhancements
\every@verbatim=\toks20
\verbatim@line=\toks21
\verbatim@in@stream=\read3
)
(/usr/share/texlive/texmf-dist/tex/latex/mwe/mwe.sty
Package: mwe 2018/03/30 v0.5 Package to support minimal working examples (MWE)

(/usr/share/texlive/texmf-dist/tex/latex/graphics/graphicx.sty
Package: graphicx 2020/09/09 v1.2b Enhanced LaTeX Graphics (DPC,SPQR)

(/usr/share/texlive/texmf-dist/tex/latex/graphics/keyval.sty
Package: keyval 2014/10/28 v1.15 key=value parser (DPC)
\KV@toks@=\toks22
)
(/usr/share/texlive/texmf-dist/tex/latex/graphics/graphics.sty
Package: graphics 2020/08/30 v1.4c Standard LaTeX Graphics (DPC,SPQR)

(/usr/share/texlive/texmf-dist/tex/latex/graphics/trig.sty
Package: trig 2016/01/03 v1.10 sin cos tan (DPC)
)
(/usr/share/texlive/texmf-dist/tex/latex/graphics-cfg/graphics.cfg
File: graphics.cfg 2016/06/04 v1.11 sample graphics configuration
)
Package graphics Info: Driver file: pdftex.def on input line 105.
)
\Gin@req@height=\dimen140
\Gin@req@width=\dimen141
)
(/usr/share/texlive/texmf-dist/tex/latex/lipsum/lipsum.sty
(/usr/share/texlive/texmf-dist/tex/latex/l3kernel/expl3.sty
Package: expl3 2021-01-09 L3 programming layer (loader) 

(/usr/share/texlive/texmf-dist/tex/latex/l3backend/l3backend-pdftex.def
File: l3backend-pdftex.def 2020-01-29 L3 backend support: PDF output (pdfTeX)
\l__color_backend_stack_int=\count189
\l__pdf_internal_box=\box50
))
(/usr/share/texlive/texmf-dist/tex/latex/l3packages/xparse/xparse.sty
Package: xparse 2020-10-27 L3 Experimental document command parser

(/usr/share/texlive/texmf-dist/tex/latex/l3packages/xparse/xparse-generic.tex))
Package: lipsum 2019/01/02 v2.2 150 paragraphs of Lorem Ipsum dummy text
(/usr/share/texlive/texmf-dist/tex/latex/lipsum/lipsum.ltd.tex
File: lipsum.ltd.tex 2019/01/02 v2.2 The Lorem ipsum dummy text
))
(/usr/share/texlive/texmf-dist/tex/latex/blindtext/blindtext.sty
Package: blindtext 2012/01/06 V2.0 blindtext-Package

(/usr/share/texlive/texmf-dist/tex/latex/tools/xspace.sty
Package: xspace 2014/10/28 v1.13 Space after command names (DPC,MH)
)
\c@blindtext=\count190
\c@Blindtext=\count191
\c@blind@countparstart=\count192
\blind@countxx=\count193
\blindtext@numBlindtext=\count194
\blind@countyy=\count195
\c@blindlist=\count196
\c@blindlistlevel=\count197
\c@blindlist@level=\count198
\blind@listitem=\count199
\c@blind@listcount=\count266
\c@blind@levelcount=\count267
\blind@mathformula=\count268
\blind@Mathformula=\count269
\c@blind@randomcount=\count270
\c@blind@randommax=\count271
\c@blind@pangramcount=\count272
\c@blind@pangrammax=\count273
))
(/usr/share/texlive/texmf-dist/tex/latex/psnfss/charter.sty
Package: charter 2020/03/25 PSNFSS-v9.3 (P.Dyballa) 
)
(/usr/share/texlive/texmf-dist/tex/latex/tools/afterpage.sty
Package: afterpage 2014/10/28 v1.08 After-Page Package (DPC)
\AP@output=\toks23
\AP@partial=\box51
\AP@footins=\box52
)
(/usr/share/texlive/texmf-dist/tex/latex/amsmath/amsmath.sty
Package: amsmath 2020/09/23 v2.17i AMS math features
\@mathmargin=\skip49

For additional information on amsmath, use the `?' option.
(/usr/share/texlive/texmf-dist/tex/latex/amsmath/amstext.sty
Package: amstext 2000/06/29 v2.01 AMS text

(/usr/share/texlive/texmf-dist/tex/latex/amsmath/amsgen.sty
File: amsgen.sty 1999/11/30 v2.0 generic functions
\@emptytoks=\toks24
\ex@=\dimen142
))
(/usr/share/texlive/texmf-dist/tex/latex/amsmath/amsbsy.sty
Package: amsbsy 1999/11/29 v1.2d Bold Symbols
\pmbraise@=\dimen143
)
(/usr/share/texlive/texmf-dist/tex/latex/amsmath/amsopn.sty
Package: amsopn 2016/03/08 v2.02 operator names
)
\inf@bad=\count274
LaTeX Info: Redefining \frac on input line 234.
\uproot@=\count275
\leftroot@=\count276
LaTeX Info: Redefining \overline on input line 399.
\classnum@=\count277
\DOTSCASE@=\count278
LaTeX Info: Redefining \ldots on input line 496.
LaTeX Info: Redefining \dots on input line 499.
LaTeX Info: Redefining \cdots on input line 620.
\Mathstrutbox@=\box53
\strutbox@=\box54
\big@size=\dimen144
LaTeX Font Info:    Redeclaring font encoding OML on input line 743.
LaTeX Font Info:    Redeclaring font encoding OMS on input line 744.
\macc@depth=\count279
\c@MaxMatrixCols=\count280
\dotsspace@=\muskip16
\c@parentequation=\count281
\dspbrk@lvl=\count282
\tag@help=\toks25
\row@=\count283
\column@=\count284
\maxfields@=\count285
\andhelp@=\toks26
\eqnshift@=\dimen145
\alignsep@=\dimen146
\tagshift@=\dimen147
\tagwidth@=\dimen148
\totwidth@=\dimen149
\lineht@=\dimen150
\@envbody=\toks27
\multlinegap=\skip50
\multlinetaggap=\skip51
\mathdisplay@stack=\toks28
LaTeX Info: Redefining \[ on input line 2923.
LaTeX Info: Redefining \] on input line 2924.
)
(/usr/share/texlive/texmf-dist/tex/latex/appendix/appendix.sty
Package: appendix 2020/02/08 v1.2c extra appendix facilities
\c@@pps=\count286
\c@@ppsavesec=\count287
\c@@ppsaveapp=\count288
)
(/usr/share/texlive/texmf-dist/tex/latex/ragged2e/ragged2e.sty
Package: ragged2e 2019/07/28 v2.2 ragged2e Package (MS)

(/usr/share/texlive/texmf-dist/tex/latex/everysel/everysel.sty
Package: everysel 2021/01/20 v2.1 EverySelectfont Package (MS)

(/usr/share/texlive/texmf-dist/tex/latex/everysel/everysel-2011-10-28.sty))
\CenteringLeftskip=\skip52
\RaggedLeftLeftskip=\skip53
\RaggedRightLeftskip=\skip54
\CenteringRightskip=\skip55
\RaggedLeftRightskip=\skip56
\RaggedRightRightskip=\skip57
\CenteringParfillskip=\skip58
\RaggedLeftParfillskip=\skip59
\RaggedRightParfillskip=\skip60
\JustifyingParfillskip=\skip61
\CenteringParindent=\skip62
\RaggedLeftParindent=\skip63
\RaggedRightParindent=\skip64
\JustifyingParindent=\skip65
)
(/usr/share/texlive/texmf-dist/tex/latex/tools/array.sty
Package: array 2020/10/01 v2.5c Tabular extension package (FMi)
\col@sep=\dimen151
\ar@mcellbox=\box55
\extrarowheight=\dimen152
\NC@list=\toks29
\extratabsurround=\skip66
\backup@length=\skip67
\ar@cellbox=\box56
)
(/usr/share/texlive/texmf-dist/tex/latex/etoolbox/etoolbox.sty
Package: etoolbox 2020/10/05 v2.5k e-TeX tools for LaTeX (JAW)
\etb@tempcnta=\count289
)
(/usr/share/texlive/texmf-dist/tex/latex/fancyhdr/fancyhdr.sty
Package: fancyhdr 2021/01/04 v4.0 Extensive control of page headers and footers

\f@nch@headwidth=\skip68
\f@nch@O@elh=\skip69
\f@nch@O@erh=\skip70
\f@nch@O@olh=\skip71
\f@nch@O@orh=\skip72
\f@nch@O@elf=\skip73
\f@nch@O@erf=\skip74
\f@nch@O@olf=\skip75
\f@nch@O@orf=\skip76
)
(/usr/share/texlive/texmf-dist/tex/latex/booktabs/booktabs.sty
Package: booktabs 2020/01/12 v1.61803398 Publication quality tables
\heavyrulewidth=\dimen153
\lightrulewidth=\dimen154
\cmidrulewidth=\dimen155
\belowrulesep=\dimen156
\belowbottomsep=\dimen157
\aboverulesep=\dimen158
\abovetopsep=\dimen159
\cmidrulesep=\dimen160
\cmidrulekern=\dimen161
\defaultaddspace=\dimen162
\@cmidla=\count290
\@cmidlb=\count291
\@aboverulesep=\dimen163
\@belowrulesep=\dimen164
\@thisruleclass=\count292
\@lastruleclass=\count293
\@thisrulewidth=\dimen165
)
(/usr/share/texlive/texmf-dist/tex/latex/arydshln/arydshln.sty
Package: arydshln 2019/02/21 v1.76 
\dashlinedash=\dimen166
\dashlinegap=\dimen167
\adl@box=\box57
\adl@height=\dimen168
\adl@heightsave=\dimen169
\adl@depth=\dimen170
\adl@depthsave=\dimen171
\adl@finaldepth=\dimen172
\adl@columns=\count294
\adl@ncol=\count295
\adl@currentcolumn=\count296
\adl@currentcolumnsave=\count297
\adl@totalheight=\count298
\adl@totalheightsave=\count299
\adl@dash=\count300
\adl@gap=\count301
\adl@cla=\count302
\adl@clb=\count303
\adl@everyvbox=\toks30
\adl@LTpagetotal=\dimen173
)
(/usr/share/texlive/texmf-dist/tex/latex/enumitem/enumitem.sty
Package: enumitem 2019/06/20 v3.9 Customized lists
\labelindent=\skip77
\enit@outerparindent=\dimen174
\enit@toks=\toks31
\enit@inbox=\box58
\enit@count@id=\count304
\enitdp@description=\count305
)
(/usr/share/texlive/texmf-dist/tex/latex/geometry/geometry.sty
Package: geometry 2020/01/02 v5.9 Page Geometry

(/usr/share/texlive/texmf-dist/tex/generic/iftex/ifvtex.sty
Package: ifvtex 2019/10/25 v1.7 ifvtex legacy package. Use iftex instead.

(/usr/share/texlive/texmf-dist/tex/generic/iftex/iftex.sty
Package: iftex 2020/03/06 v1.0d TeX engine tests
))
\Gm@cnth=\count306
\Gm@cntv=\count307
\c@Gm@tempcnt=\count308
\Gm@bindingoffset=\dimen175
\Gm@wd@mp=\dimen176
\Gm@odd@mp=\dimen177
\Gm@even@mp=\dimen178
\Gm@layoutwidth=\dimen179
\Gm@layoutheight=\dimen180
\Gm@layouthoffset=\dimen181
\Gm@layoutvoffset=\dimen182
\Gm@dimlist=\toks32
)
(/usr/share/texlive/texmf-dist/tex/latex/tools/indentfirst.sty
Package: indentfirst 1995/11/23 v1.03 Indent first paragraph (DPC)
)
(/usr/share/texlive/texmf-dist/tex/latex/mathtools/mathtools.sty
Package: mathtools 2020/03/24 v1.24 mathematical typesetting tools

(/usr/share/texlive/texmf-dist/tex/latex/tools/calc.sty
Package: calc 2017/05/25 v4.3 Infix arithmetic (KKT,FJ)
\calc@Acount=\count309
\calc@Bcount=\count310
\calc@Adimen=\dimen183
\calc@Bdimen=\dimen184
\calc@Askip=\skip78
\calc@Bskip=\skip79
LaTeX Info: Redefining \setlength on input line 80.
LaTeX Info: Redefining \addtolength on input line 81.
\calc@Ccount=\count311
\calc@Cskip=\skip80
)
(/usr/share/texlive/texmf-dist/tex/latex/mathtools/mhsetup.sty
Package: mhsetup 2017/03/31 v1.3 programming setup (MH)
)
LaTeX Info: Thecontrolsequence`\('isalreadyrobust on input line 130.
LaTeX Info: Thecontrolsequence`\)'isalreadyrobust on input line 130.
LaTeX Info: Thecontrolsequence`\['isalreadyrobust on input line 130.
LaTeX Info: Thecontrolsequence`\]'isalreadyrobust on input line 130.
\g_MT_multlinerow_int=\count312
\l_MT_multwidth_dim=\dimen185
\origjot=\skip81
\l_MT_shortvdotswithinadjustabove_dim=\dimen186
\l_MT_shortvdotswithinadjustbelow_dim=\dimen187
\l_MT_above_intertext_sep=\dimen188
\l_MT_below_intertext_sep=\dimen189
\l_MT_above_shortintertext_sep=\dimen190
\l_MT_below_shortintertext_sep=\dimen191
\xmathstrut@box=\box59
\xmathstrut@dim=\dimen192
)
(/usr/share/texlive/texmf-dist/tex/latex/multirow/multirow.sty
Package: multirow 2021/01/29 v2.7 Span multiple rows of a table
\multirow@colwidth=\skip82
\multirow@cntb=\count313
\multirow@dima=\skip83
\bigstrutjot=\dimen193
)
(/usr/share/texlive/texmf-dist/tex/latex/pdfpages/pdfpages.sty
Package: pdfpages 2021/01/09 v0.5r Insert pages of external PDF documents (AM)

(/usr/share/texlive/texmf-dist/tex/latex/base/ifthen.sty
Package: ifthen 2014/09/29 v1.1c Standard LaTeX ifthen package (DPC)
)
(/usr/share/texlive/texmf-dist/tex/latex/eso-pic/eso-pic.sty
Package: eso-pic 2020/10/14 v3.0a eso-pic (RN)
\ESO@tempdima=\dimen194
\ESO@tempdimb=\dimen195
)
\AM@pagewidth=\dimen196
\AM@pageheight=\dimen197

(/usr/share/texlive/texmf-dist/tex/latex/pdfpages/pppdftex.def
File: pppdftex.def 2021/01/09 v0.5r Pdfpages driver for pdfTeX (AM)
)
\pdfpages@includegraphics@status=\count314
\AM@pagebox=\box60
\AM@global@opts=\toks33
\AM@pagecnt=\count315
\AM@toc@title=\toks34
\c@AM@survey=\count316
\AM@templatesizebox=\box61
)
(/usr/share/texlive/texmf-dist/tex/latex/subfiles/subfiles.sty
Package: subfiles 2020/11/14 v2.2 Multi-file projects (package)

(/usr/share/texlive/texmf-dist/tex/latex/import/import.sty
Package: import 2020/04/01  v 6.2
))
(/usr/share/texlive/texmf-dist/tex/latex/titlesec/titlesec.sty
Package: titlesec 2019/10/16 v2.13 Sectioning titles
\ttl@box=\box62
\beforetitleunit=\skip84
\aftertitleunit=\skip85
\ttl@plus=\dimen198
\ttl@minus=\dimen199
\ttl@toksa=\toks35
\titlewidth=\dimen256
\titlewidthlast=\dimen257
\titlewidthfirst=\dimen258
)
(/usr/share/texlive/texmf-dist/tex/latex/sttools/stfloats.sty
Package: stfloats 2017/03/27 v3.3 Improve float mechanism and baselineskip sett
ings
\@dblbotnum=\count317
\c@dblbotnumber=\count318
)
LaTeX Font Info:    Trying to load font information for OT1+bch on input line 9
4.

(/usr/share/texlive/texmf-dist/tex/latex/psnfss/ot1bch.fd
File: ot1bch.fd 2004/10/18 font definitions for OT1/bch.
) (./Practica_EF.aux
LaTeX Info: Redefining \. on input line 8.
LaTeX Info: Redefining \% on input line 8.
)
\openout1 = `Practica_EF.aux'.

LaTeX Font Info:    Checking defaults for OML/cmm/m/it on input line 94.
LaTeX Font Info:    ... okay on input line 94.
LaTeX Font Info:    Checking defaults for OMS/cmsy/m/n on input line 94.
LaTeX Font Info:    ... okay on input line 94.
LaTeX Font Info:    Checking defaults for OT1/cmr/m/n on input line 94.
LaTeX Font Info:    ... okay on input line 94.
LaTeX Font Info:    Checking defaults for T1/cmr/m/n on input line 94.
LaTeX Font Info:    ... okay on input line 94.
LaTeX Font Info:    Checking defaults for TS1/cmr/m/n on input line 94.
LaTeX Font Info:    ... okay on input line 94.
LaTeX Font Info:    Checking defaults for OMX/cmex/m/n on input line 94.
LaTeX Font Info:    ... okay on input line 94.
LaTeX Font Info:    Checking defaults for U/cmr/m/n on input line 94.
LaTeX Font Info:    ... okay on input line 94.
LaTeX Info: Redefining \. on input line 94.
LaTeX Info: Redefining \% on input line 94.

(/usr/share/texlive/texmf-dist/tex/context/base/mkii/supp-pdf.mkii
[Loading MPS to PDF converter (version 2006.09.02).]
\scratchcounter=\count319
\scratchdimen=\dimen259
\scratchbox=\box63
\nofMPsegments=\count320
\nofMParguments=\count321
\everyMPshowfont=\toks36
\MPscratchCnt=\count322
\MPscratchDim=\dimen260
\MPnumerator=\count323
\makeMPintoPDFobject=\count324
\everyMPtoPDFconversion=\toks37
) (/usr/share/texlive/texmf-dist/tex/latex/epstopdf-pkg/epstopdf-base.sty
Package: epstopdf-base 2020-01-24 v2.11 Base part for package epstopdf
Package epstopdf-base Info: Redefining graphics rule for `.eps' on input line 4
85.

(/usr/share/texlive/texmf-dist/tex/latex/latexconfig/epstopdf-sys.cfg
File: epstopdf-sys.cfg 2010/07/13 v1.3 Configuration of (r)epstopdf for TeX Liv
e
))
ABD: EverySelectfont initializing macros
LaTeX Info: Redefining \selectfont on input line 94.

*geometry* driver: auto-detecting
*geometry* detected driver: pdftex
*geometry* verbose mode - [ preamble ] result:
* driver: pdftex
* paper: letterpaper
* layout: <same size as paper>
* layoutoffset:(h,v)=(0.0pt,0.0pt)
* modes: 
* h-part:(L,W,R)=(56.9055pt, 500.484pt, 56.9055pt)
* v-part:(T,H,B)=(56.9055pt, 666.9326pt, 71.13188pt)
* \paperwidth=614.295pt
* \paperheight=794.96999pt
* \textwidth=500.484pt
* \textheight=666.9326pt
* \oddsidemargin=-15.36449pt
* \evensidemargin=-15.36449pt
* \topmargin=-52.36449pt
* \headheight=12.0pt
* \headsep=25.0pt
* \topskip=11.0pt
* \footskip=30.0pt
* \marginparwidth=59.0pt
* \marginparsep=10.0pt
* \columnsep=30.0pt
* \skip\footins=10.0pt plus 4.0pt minus 2.0pt
* \hoffset=0.0pt
* \voffset=0.0pt
* \mag=1000
* \@twocolumnfalse
* \@twosidefalse
* \@mparswitchfalse
* \@reversemarginfalse
* (1in=72.27pt=25.4mm, 1cm=28.453pt)

(/usr/share/texlive/texmf-dist/tex/latex/pdflscape/pdflscape.sty
Package: pdflscape 2019/12/05 v0.12 Display of landscape pages in PDF (HO)

(/usr/share/texlive/texmf-dist/tex/latex/graphics/lscape.sty
Package: lscape 2020/05/28 v3.02 Landscape Pages (DPC)
)
Package pdflscape Info: Auto-detected driver: pdftex on input line 81.
)
LaTeX Font Info:    Trying to load font information for TS1+bch on input line 1
03.

(/usr/share/texlive/texmf-dist/tex/latex/psnfss/ts1bch.fd
File: ts1bch.fd 2004/10/18 font definitions for TS1/bch.
)
<imagen/ej1_1.PNG, id=1, 533.74406pt x 284.56313pt>
File: imagen/ej1_1.PNG Graphic file (type png)
<use imagen/ej1_1.PNG>
Package pdftex.def Info: imagen/ej1_1.PNG  used on input line 141.
(pdftex.def)             Requested size: 400.38872pt x 213.4739pt.

Underfull \hbox (badness 10000) in paragraph at lines 143--146

 []

<logo.png, id=3, 763.85374pt x 1034.86626pt>
File: logo.png Graphic file (type png)
<use logo.png>
Package pdftex.def Info: logo.png  used on input line 146.
(pdftex.def)             Requested size: 31.49303pt x 42.67912pt.

Overfull \hbox (24.98091pt too wide) has occurred while \output is active
 []|[][][]| 
 []


Package fancyhdr Warning: \headheight is too small (12.0pt): 
(fancyhdr)                Make it at least 46.75916pt, for example:
(fancyhdr)                \setlength{\headheight}{46.75916pt}.
(fancyhdr)                You might also make \topmargin smaller to compensate:

(fancyhdr)                \addtolength{\topmargin}{-34.75916pt}.

[1{/var/lib/texmf/fonts/map/pdftex/updmap/pdftex.map}

 <./logo.png> <./imagen/ej1_1.PNG>]
<imagen/ej1_van.PNG, id=14, 229.60782pt x 42.1575pt>
File: imagen/ej1_van.PNG Graphic file (type png)
<use imagen/ej1_van.PNG>
Package pdftex.def Info: imagen/ej1_van.PNG  used on input line 151.
(pdftex.def)             Requested size: 150.14671pt x 27.56927pt.

Underfull \hbox (badness 10000) in paragraph at lines 155--158

 []


Underfull \hbox (badness 10000) in paragraph at lines 159--162

 []

<imagen/ej1_rec.PNG, id=15, 143.03438pt x 286.82156pt>
File: imagen/ej1_rec.PNG Graphic file (type png)
<use imagen/ej1_rec.PNG>
Package pdftex.def Info: imagen/ej1_rec.PNG  used on input line 170.
(pdftex.def)             Requested size: 115.10918pt x 230.82741pt.
File: logo.png Graphic file (type png)
<use logo.png>
Package pdftex.def Info: logo.png  used on input line 174.
(pdftex.def)             Requested size: 31.49303pt x 42.67912pt.

Overfull \hbox (24.98091pt too wide) has occurred while \output is active
 []|[][][]| 
 []


Package fancyhdr Warning: \headheight is too small (12.0pt): 
(fancyhdr)                Make it at least 46.75916pt, for example:
(fancyhdr)                \setlength{\headheight}{46.75916pt}.
(fancyhdr)                You might also make \topmargin smaller to compensate:

(fancyhdr)                \addtolength{\topmargin}{-34.75916pt}.

[2 <./imagen/ej1_van.PNG> <./imagen/ej1_rec.PNG>]
Underfull \hbox (badness 10000) in paragraph at lines 176--179

 []

<imagen/ej2a_1.PNG, id=24, 435.12563pt x 119.69719pt>
File: imagen/ej2a_1.PNG Graphic file (type png)
<use imagen/ej2a_1.PNG>
Package pdftex.def Info: imagen/ej2a_1.PNG  used on input line 189.
(pdftex.def)             Requested size: 400.38872pt x 110.1483pt.
<imagen/ej2a_1_van.PNG, id=25, 149.8097pt x 54.2025pt>
File: imagen/ej2a_1_van.PNG Graphic file (type png)
<use imagen/ej2a_1_van.PNG>
Package pdftex.def Info: imagen/ej2a_1_van.PNG  used on input line 196.
(pdftex.def)             Requested size: 115.10918pt x 41.64838pt.
<imagen/ej2a_2.PNG, id=26, 435.87843pt x 117.43875pt>
File: imagen/ej2a_2.PNG Graphic file (type png)
<use imagen/ej2a_2.PNG>
Package pdftex.def Info: imagen/ej2a_2.PNG  used on input line 204.
(pdftex.def)             Requested size: 400.38872pt x 107.8765pt.
<imagen/ej2a_2_van.PNG, id=27, 149.8097pt x 56.46094pt>
File: imagen/ej2a_2_van.PNG Graphic file (type png)
<use imagen/ej2a_2_van.PNG>
Package pdftex.def Info: imagen/ej2a_2_van.PNG  used on input line 210.
(pdftex.def)             Requested size: 115.10918pt x 43.38371pt.
File: logo.png Graphic file (type png)
<use logo.png>
Package pdftex.def Info: logo.png  used on input line 213.
(pdftex.def)             Requested size: 31.49303pt x 42.67912pt.

Overfull \hbox (24.98091pt too wide) has occurred while \output is active
 []|[][][]| 
 []


Package fancyhdr Warning: \headheight is too small (12.0pt): 
(fancyhdr)                Make it at least 46.75916pt, for example:
(fancyhdr)                \setlength{\headheight}{46.75916pt}.
(fancyhdr)                You might also make \topmargin smaller to compensate:

(fancyhdr)                \addtolength{\topmargin}{-34.75916pt}.

[3 <./imagen/ej2a_1.PNG> <./imagen/ej2a_1_van.PNG>]
<imagen/ej2a_3.PNG, id=34, 437.38406pt x 118.94438pt>
File: imagen/ej2a_3.PNG Graphic file (type png)
<use imagen/ej2a_3.PNG>
Package pdftex.def Info: imagen/ej2a_3.PNG  used on input line 216.
(pdftex.def)             Requested size: 400.38872pt x 108.88383pt.
<imagen/ej2a_3_van.PNG, id=35, 149.8097pt x 54.9553pt>
File: imagen/ej2a_3_van.PNG Graphic file (type png)
<use imagen/ej2a_3_van.PNG>
Package pdftex.def Info: imagen/ej2a_3_van.PNG  used on input line 222.
(pdftex.def)             Requested size: 115.10918pt x 42.2268pt.
<imagen/ej2b_mod.PNG, id=36, 435.87843pt x 117.43875pt>
File: imagen/ej2b_mod.PNG Graphic file (type png)
<use imagen/ej2b_mod.PNG>
Package pdftex.def Info: imagen/ej2b_mod.PNG  used on input line 234.
(pdftex.def)             Requested size: 400.38872pt x 107.8765pt.

Underfull \hbox (badness 10000) in paragraph at lines 229--237

 []

File: logo.png Graphic file (type png)
<use logo.png>
Package pdftex.def Info: logo.png  used on input line 238.
(pdftex.def)             Requested size: 31.49303pt x 42.67912pt.

Overfull \hbox (24.98091pt too wide) has occurred while \output is active
 []|[][][]| 
 []


Package fancyhdr Warning: \headheight is too small (12.0pt): 
(fancyhdr)                Make it at least 46.75916pt, for example:
(fancyhdr)                \setlength{\headheight}{46.75916pt}.
(fancyhdr)                You might also make \topmargin smaller to compensate:

(fancyhdr)                \addtolength{\topmargin}{-34.75916pt}.

[4 <./imagen/ej2a_2.PNG> <./imagen/ej2a_2_van.PNG> <./imagen/ej2a_3.PNG> <./ima
gen/ej2a_3_van.PNG>]
<imagen/ej2b_mod_VAN.png, id=44, 163.3603pt x 54.9553pt>
File: imagen/ej2b_mod_VAN.png Graphic file (type png)
<use imagen/ej2b_mod_VAN.png>
Package pdftex.def Info: imagen/ej2b_mod_VAN.png  used on input line 241.
(pdftex.def)             Requested size: 115.10918pt x 38.72336pt.
<imagen/ej2b_or.PNG, id=45, 435.87843pt x 118.19156pt>
File: imagen/ej2b_or.PNG Graphic file (type png)
<use imagen/ej2b_or.PNG>
Package pdftex.def Info: imagen/ej2b_or.PNG  used on input line 248.
(pdftex.def)             Requested size: 400.38872pt x 108.56802pt.
<imagen/ej2b_or_VAN.PNG, id=46, 149.8097pt x 56.46094pt>
File: imagen/ej2b_or_VAN.PNG Graphic file (type png)
<use imagen/ej2b_or_VAN.PNG>
Package pdftex.def Info: imagen/ej2b_or_VAN.PNG  used on input line 254.
(pdftex.def)             Requested size: 115.10918pt x 43.38371pt.
<imagen/ej2c.PNG, id=47, 435.87843pt x 118.19156pt>
File: imagen/ej2c.PNG Graphic file (type png)
<use imagen/ej2c.PNG>
Package pdftex.def Info: imagen/ej2c.PNG  used on input line 263.
(pdftex.def)             Requested size: 400.38872pt x 108.56802pt.
<imagen/ej2c_van.png, id=48, 164.11313pt x 54.9553pt>
File: imagen/ej2c_van.png Graphic file (type png)
<use imagen/ej2c_van.png>
Package pdftex.def Info: imagen/ej2c_van.png  used on input line 269.
(pdftex.def)             Requested size: 115.10918pt x 38.54642pt.
File: logo.png Graphic file (type png)
<use logo.png>
Package pdftex.def Info: logo.png  used on input line 272.
(pdftex.def)             Requested size: 31.49303pt x 42.67912pt.

Overfull \hbox (24.98091pt too wide) has occurred while \output is active
 []|[][][]| 
 []


Package fancyhdr Warning: \headheight is too small (12.0pt): 
(fancyhdr)                Make it at least 46.75916pt, for example:
(fancyhdr)                \setlength{\headheight}{46.75916pt}.
(fancyhdr)                You might also make \topmargin smaller to compensate:

(fancyhdr)                \addtolength{\topmargin}{-34.75916pt}.

[5 <./imagen/ej2b_mod.PNG> <./imagen/ej2b_mod_van.PNG> <./imagen/ej2b_or.PNG> <
./imagen/ej2b_or_van.png>]
<imagen/ej2d.PNG, id=56, 518.6878pt x 118.19156pt>
File: imagen/ej2d.PNG Graphic file (type png)
<use imagen/ej2d.PNG>
Package pdftex.def Info: imagen/ej2d.PNG  used on input line 277.
(pdftex.def)             Requested size: 400.38872pt x 91.24042pt.
<imagen/ej2d_van.PNG, id=57, 165.61874pt x 55.70813pt>
File: imagen/ej2d_van.PNG Graphic file (type png)
<use imagen/ej2d_van.PNG>
Package pdftex.def Info: imagen/ej2d_van.PNG  used on input line 283.
(pdftex.def)             Requested size: 115.10918pt x 38.71829pt.
<imagen/ej3a.png, id=58, 338.76563pt x 184.43906pt>
File: imagen/ej3a.png Graphic file (type png)
<use imagen/ej3a.png>
Package pdftex.def Info: imagen/ej3a.png  used on input line 293.
(pdftex.def)             Requested size: 400.38872pt x 217.99641pt.
File: logo.png Graphic file (type png)
<use logo.png>
Package pdftex.def Info: logo.png  used on input line 297.
(pdftex.def)             Requested size: 31.49303pt x 42.67912pt.

Overfull \hbox (24.98091pt too wide) has occurred while \output is active
 []|[][][]| 
 []


Package fancyhdr Warning: \headheight is too small (12.0pt): 
(fancyhdr)                Make it at least 46.75916pt, for example:
(fancyhdr)                \setlength{\headheight}{46.75916pt}.
(fancyhdr)                You might also make \topmargin smaller to compensate:

(fancyhdr)                \addtolength{\topmargin}{-34.75916pt}.

[6 <./imagen/ej2c.PNG> <./imagen/ej2c_van.png> <./imagen/ej2d.PNG> <./imagen/ej
2d_van.PNG>]
<imagen/ej3a_van.PNG, id=66, 127.97812pt x 79.79813pt>
File: imagen/ej3a_van.PNG Graphic file (type png)
<use imagen/ej3a_van.PNG>
Package pdftex.def Info: imagen/ej3a_van.PNG  used on input line 305.
(pdftex.def)             Requested size: 115.10918pt x 71.77379pt.

Underfull \hbox (badness 10000) in paragraph at lines 309--314

 []


Underfull \hbox (badness 10000) in paragraph at lines 309--314

 []

<imagen/ej3b.PNG, id=67, 339.51843pt x 182.93344pt>
File: imagen/ej3b.PNG Graphic file (type png)
<use imagen/ej3b.PNG>
Package pdftex.def Info: imagen/ej3b.PNG  used on input line 319.
(pdftex.def)             Requested size: 400.38872pt x 215.73955pt.
File: logo.png Graphic file (type png)
<use logo.png>
Package pdftex.def Info: logo.png  used on input line 323.
(pdftex.def)             Requested size: 31.49303pt x 42.67912pt.

Overfull \hbox (24.98091pt too wide) has occurred while \output is active
 []|[][][]| 
 []


Package fancyhdr Warning: \headheight is too small (12.0pt): 
(fancyhdr)                Make it at least 46.75916pt, for example:
(fancyhdr)                \setlength{\headheight}{46.75916pt}.
(fancyhdr)                You might also make \topmargin smaller to compensate:

(fancyhdr)                \addtolength{\topmargin}{-34.75916pt}.

[7 <./imagen/ej3a.PNG> <./imagen/ej3a_van.PNG>]
<imagen/ej3b_van.PNG, id=75, 129.48375pt x 79.79813pt>
File: imagen/ej3b_van.PNG Graphic file (type png)
<use imagen/ej3b_van.PNG>
Package pdftex.def Info: imagen/ej3b_van.PNG  used on input line 326.
(pdftex.def)             Requested size: 115.10918pt x 70.94215pt.

Underfull \hbox (badness 10000) in paragraph at lines 330--335

 []


Underfull \hbox (badness 10000) in paragraph at lines 330--335

 []

<imagen/ej4a.png, id=76, 539.76656pt x 222.07968pt>
File: imagen/ej4a.png Graphic file (type png)
<use imagen/ej4a.png>
Package pdftex.def Info: imagen/ej4a.png  used on input line 343.
(pdftex.def)             Requested size: 400.38872pt x 164.73624pt.

Underfull \hbox (badness 10000) in paragraph at lines 336--346

 []


Underfull \hbox (badness 10000) in paragraph at lines 336--346

 []

File: logo.png Graphic file (type png)
<use logo.png>
Package pdftex.def Info: logo.png  used on input line 347.
(pdftex.def)             Requested size: 31.49303pt x 42.67912pt.

Overfull \hbox (24.98091pt too wide) has occurred while \output is active
 []|[][][]| 
 []


Package fancyhdr Warning: \headheight is too small (12.0pt): 
(fancyhdr)                Make it at least 46.75916pt, for example:
(fancyhdr)                \setlength{\headheight}{46.75916pt}.
(fancyhdr)                You might also make \topmargin smaller to compensate:

(fancyhdr)                \addtolength{\topmargin}{-34.75916pt}.

[8 <./imagen/ej3b.PNG> <./imagen/ej3b_van.PNG>]
<imagen/ej4a_van.PNG, id=82, 149.8097pt x 54.9553pt>
File: imagen/ej4a_van.PNG Graphic file (type png)
<use imagen/ej4a_van.PNG>
Package pdftex.def Info: imagen/ej4a_van.PNG  used on input line 355.
(pdftex.def)             Requested size: 115.10918pt x 42.2268pt.

Underfull \hbox (badness 10000) in paragraph at lines 348--358

 []


Underfull \hbox (badness 10000) in paragraph at lines 348--358

 []


Underfull \hbox (badness 10000) in paragraph at lines 359--364

 []


Underfull \hbox (badness 10000) in paragraph at lines 359--364

 []

<imagen/ej4c.PNG, id=83, 538.26094pt x 220.57407pt>
File: imagen/ej4c.PNG Graphic file (type png)
<use imagen/ej4c.PNG>
Package pdftex.def Info: imagen/ej4c.PNG  used on input line 371.
(pdftex.def)             Requested size: 400.38872pt x 164.07712pt.
File: logo.png Graphic file (type png)
<use logo.png>
Package pdftex.def Info: logo.png  used on input line 375.
(pdftex.def)             Requested size: 31.49303pt x 42.67912pt.

Overfull \hbox (24.98091pt too wide) has occurred while \output is active
 []|[][][]| 
 []


Package fancyhdr Warning: \headheight is too small (12.0pt): 
(fancyhdr)                Make it at least 46.75916pt, for example:
(fancyhdr)                \setlength{\headheight}{46.75916pt}.
(fancyhdr)                You might also make \topmargin smaller to compensate:

(fancyhdr)                \addtolength{\topmargin}{-34.75916pt}.

[9 <./imagen/ej4a.png> <./imagen/ej4a_van.PNG>]
<imagen/ej4c_van.PNG, id=89, 149.05687pt x 42.91031pt>
File: imagen/ej4c_van.PNG Graphic file (type png)
<use imagen/ej4c_van.PNG>
Package pdftex.def Info: imagen/ej4c_van.PNG  used on input line 378.
(pdftex.def)             Requested size: 115.10918pt x 33.13727pt.
File: logo.png Graphic file (type png)
<use logo.png>
Package pdftex.def Info: logo.png  used on input line 384.
(pdftex.def)             Requested size: 31.49303pt x 42.67912pt.

Overfull \hbox (24.98091pt too wide) has occurred while \output is active
 []|[][][]| 
 []


Package fancyhdr Warning: \headheight is too small (12.0pt): 
(fancyhdr)                Make it at least 46.75916pt, for example:
(fancyhdr)                \setlength{\headheight}{46.75916pt}.
(fancyhdr)                You might also make \topmargin smaller to compensate:

(fancyhdr)                \addtolength{\topmargin}{-34.75916pt}.

[10 <./imagen/ej4c.PNG> <./imagen/ej4c_van.PNG>] (./Practica_EF.aux
LaTeX Info: Redefining \. on input line 8.
LaTeX Info: Redefining \% on input line 8.
) ) 
Here is how much of TeX's memory you used:
 7922 strings out of 479304
 118916 string characters out of 5869779
 549674 words of memory out of 5000000
 24916 multiletter control sequences out of 15000+600000
 425128 words of font info for 63 fonts, out of 8000000 for 9000
 1141 hyphenation exceptions out of 8191
 83i,28n,89p,480b,582s stack positions out of 5000i,500n,10000p,200000b,80000s
{/usr/share/texlive/texmf-dist/fonts/enc/dvips/base/8r.enc}</usr/share/texli
ve/texmf-dist/fonts/type1/bitstrea/charter/bchb8a.pfb></usr/share/texlive/texmf
-dist/fonts/type1/bitstrea/charter/bchr8a.pfb></usr/share/texlive/texmf-dist/fo
nts/type1/bitstrea/charter/bchri8a.pfb></usr/share/texlive/texmf-dist/fonts/typ
e1/public/amsfonts/cm/cmmi10.pfb></usr/share/texlive/texmf-dist/fonts/type1/pub
lic/amsfonts/cm/cmmi7.pfb></usr/share/texlive/texmf-dist/fonts/type1/public/ams
fonts/cm/cmr10.pfb></usr/share/texlive/texmf-dist/fonts/type1/public/amsfonts/c
m/cmr7.pfb></usr/share/texlive/texmf-dist/fonts/type1/public/amsfonts/cm/cmsy10
.pfb>
Output written on Practica_EF.pdf (10 pages, 420276 bytes).
PDF statistics:
 123 PDF objects out of 1000 (max. 8388607)
 50 compressed objects within 1 object stream
 0 named destinations out of 1000 (max. 500000)
 131 words of extra memory for PDF output out of 10000 (max. 10000000)

